SF:lib/src/features/products/data/fake_products_repository.dart
DA:7,4
DA:11,1
DA:12,1
DA:15,1
DA:16,2
DA:19,2
DA:20,4
DA:21,4
DA:24,4
DA:25,8
DA:26,4
DA:29,3
DA:30,12
DA:33,3
DA:35,12
DA:42,12
DA:44,0
DA:47,8
DA:48,7
DA:49,6
DA:50,3
DA:53,0
DA:54,0
DA:55,0
DA:56,0
DA:59,4
DA:60,6
DA:61,4
DA:62,2
LF:29
LH:24
end_of_record
SF:lib/src/features/products/domain/product.dart
DA:6,17
DA:27,1
DA:29,9
DA:32,4
DA:36,0
DA:37,0
DA:38,0
DA:39,0
DA:40,0
DA:41,0
DA:42,0
DA:43,0
DA:44,0
DA:47,4
DA:49,12
DA:50,12
DA:51,12
DA:52,12
DA:53,12
DA:54,12
DA:55,12
DA:56,8
LF:22
LH:13
end_of_record
SF:lib/src/utils/delay.dart
DA:1,5
DA:3,0
DA:5,5
LF:3
LH:2
end_of_record
SF:lib/src/features/authentication/data/fake_auth_repository.dart
DA:7,5
DA:11,15
DA:12,12
DA:14,3
DA:15,6
DA:16,3
DA:19,1
DA:21,2
DA:22,1
DA:25,4
DA:26,8
DA:29,6
DA:31,3
DA:32,9
DA:33,9
DA:39,22
DA:40,1
DA:41,3
DA:45,20
DA:46,10
DA:47,5
LF:21
LH:21
end_of_record
SF:lib/src/features/authentication/domain/app_user.dart
DA:3,6
DA:10,1
DA:14,7
DA:17,1
DA:18,5
DA:20,1
DA:21,3
LF:7
LH:7
end_of_record
SF:lib/src/features/cart/application/cart_sync_service.dart
DA:14,4
DA:15,4
DA:19,4
DA:20,12
DA:21,4
DA:22,4
DA:23,4
DA:25,6
DA:32,3
DA:35,9
DA:36,3
DA:37,6
DA:39,6
DA:40,2
DA:42,2
DA:44,2
DA:46,2
DA:48,2
DA:55,2
DA:58,6
DA:59,2
DA:61,2
DA:62,6
DA:63,2
DA:64,2
DA:66,4
DA:67,8
DA:69,1
DA:71,4
DA:74,2
DA:76,4
DA:83,16
DA:84,4
LF:33
LH:33
end_of_record
SF:lib/src/features/cart/data/local/local_cart_repository.dart
DA:13,15
DA:15,0
LF:2
LH:1
end_of_record
SF:lib/src/features/cart/data/remote/remote_cart_repository.dart
DA:14,15
DA:16,0
LF:2
LH:1
end_of_record
SF:lib/src/features/cart/domain/cart.dart
DA:10,67
DA:17,0
DA:18,0
DA:19,0
DA:23,0
DA:24,0
DA:25,0
DA:29,0
DA:31,0
DA:33,0
DA:34,0
DA:36,2
DA:40,8
DA:43,0
DA:44,0
DA:48,2
DA:49,8
DA:50,2
DA:51,2
DA:52,2
DA:54,2
LF:21
LH:9
end_of_record
SF:lib/src/features/cart/application/cart_service.dart
DA:14,3
DA:19,3
DA:20,12
DA:22,5
DA:24,12
DA:30,3
DA:31,12
DA:33,5
DA:35,12
DA:40,2
DA:41,2
DA:42,2
DA:43,2
DA:47,3
DA:48,3
DA:49,3
DA:50,3
DA:55,2
DA:56,2
DA:57,2
DA:58,2
DA:62,12
DA:63,3
DA:66,18
DA:67,9
DA:69,8
DA:71,9
DA:75,12
DA:76,9
DA:77,12
DA:78,3
DA:82,12
DA:83,9
DA:84,9
DA:85,9
DA:87,9
DA:89,15
DA:90,12
DA:98,6
DA:99,9
DA:100,9
DA:103,9
DA:105,9
DA:107,1
LF:44
LH:44
end_of_record
SF:lib/src/utils/in_memory_store.dart
DA:6,10
DA:12,15
DA:15,12
DA:18,15
DA:21,6
LF:5
LH:5
end_of_record
SF:lib/src/features/cart/domain/item.dart
DA:5,18
DA:12,2
DA:16,2
DA:17,6
DA:18,6
DA:21,0
DA:22,0
LF:7
LH:5
end_of_record
SF:lib/src/features/cart/domain/mutable_cart.dart
DA:8,3
DA:9,6
DA:10,9
DA:11,3
DA:15,4
DA:16,8
DA:19,4
DA:20,4
DA:22,6
DA:24,6
DA:26,4
DA:31,3
DA:32,6
DA:33,6
DA:34,3
DA:35,3
DA:37,6
DA:39,6
DA:42,3
DA:46,3
DA:47,6
DA:48,3
DA:49,3
LF:23
LH:23
end_of_record
SF:lib/src/features/cart/data/remote/fake_remote_cart_repository.dart
DA:7,3
DA:15,1
DA:17,4
DA:20,2
DA:22,10
DA:25,1
DA:27,2
DA:29,2
DA:31,1
DA:33,2
LF:10
LH:10
end_of_record
SF:lib/src/features/cart/presentation/add_to_cart/add_to_cart_controller.dart
DA:7,6
DA:10,3
DA:11,6
DA:14,3
DA:15,9
DA:16,9
DA:17,12
DA:18,3
DA:19,4
DA:21,3
DA:26,4
DA:27,2
DA:28,2
DA:29,2
DA:30,4
LF:15
LH:15
end_of_record
SF:lib/src/features/cart/presentation/shopping_cart/shopping_cart_screen_controller.dart
DA:7,3
DA:8,3
DA:11,2
DA:12,2
DA:13,2
DA:14,10
DA:17,2
DA:18,2
DA:19,10
DA:23,4
DA:24,2
DA:25,2
DA:26,2
DA:27,4
LF:14
LH:14
end_of_record
SF:lib/src/app.dart
DA:7,4
DA:9,3
DA:11,6
DA:12,3
DA:16,6
DA:17,3
DA:25,3
DA:26,3
LF:8
LH:8
end_of_record
SF:lib/src/localization/string_hardcoded.dart
DA:4,5
LF:1
LH:1
end_of_record
SF:lib/src/routing/app_router.dart
DA:28,12
DA:29,6
DA:30,3
DA:33,3
DA:34,3
DA:35,6
DA:37,2
DA:41,6
DA:47,6
DA:48,3
DA:49,3
DA:51,3
DA:52,3
DA:53,3
DA:54,3
DA:56,3
DA:57,2
DA:58,4
DA:59,2
DA:61,3
DA:62,3
DA:64,3
DA:65,0
DA:66,0
DA:67,0
DA:69,0
DA:75,3
DA:77,3
DA:78,2
DA:82,3
DA:83,3
DA:85,3
DA:86,0
DA:93,3
DA:95,3
DA:96,0
DA:101,3
DA:103,3
DA:104,2
DA:109,3
DA:111,3
DA:112,2
DA:122,0
LF:43
LH:36
end_of_record
SF:lib/src/common_widgets/action_text_button.dart
DA:6,4
DA:9,4
DA:11,4
DA:13,4
DA:14,4
DA:15,8
DA:16,4
DA:17,4
DA:18,4
DA:19,4
LF:10
LH:10
end_of_record
SF:lib/src/common_widgets/alert_dialogs.dart
DA:11,3
DA:18,3
DA:23,6
DA:24,3
DA:25,1
DA:27,3
DA:28,3
DA:30,3
DA:31,3
DA:32,3
DA:34,3
DA:36,3
DA:37,9
DA:40,0
DA:42,0
DA:43,0
DA:44,0
DA:46,0
DA:48,0
DA:49,0
DA:57,1
DA:62,1
DA:65,1
DA:66,1
DA:69,0
DA:70,0
DA:72,0
LF:27
LH:17
end_of_record
SF:lib/src/common_widgets/async_value_widget.dart
DA:6,3
DA:10,3
DA:12,6
DA:13,3
DA:14,0
DA:15,3
LF:6
LH:5
end_of_record
SF:lib/src/common_widgets/error_message_widget.dart
DA:4,0
DA:6,0
DA:8,0
DA:9,0
DA:10,0
LF:5
LH:0
end_of_record
SF:lib/src/common_widgets/custom_image.dart
DA:5,3
DA:8,3
DA:11,6
LF:3
LH:3
end_of_record
SF:lib/src/common_widgets/custom_text_button.dart
DA:6,4
DA:12,4
DA:14,4
DA:16,4
DA:17,4
DA:18,4
DA:19,4
DA:20,4
LF:8
LH:8
end_of_record
SF:lib/src/common_widgets/decorated_box_with_shadow.dart
DA:7,0
DA:10,0
DA:12,0
DA:23,0
DA:25,0
LF:5
LH:0
end_of_record
SF:lib/src/common_widgets/empty_placeholder_widget.dart
DA:10,1
DA:13,1
DA:15,1
DA:17,1
DA:18,1
DA:21,1
DA:22,1
DA:23,1
DA:24,3
DA:28,1
DA:29,0
DA:30,1
LF:12
LH:11
end_of_record
SF:lib/src/common_widgets/primary_button.dart
DA:11,4
DA:16,4
DA:18,4
DA:20,4
DA:21,4
DA:22,4
DA:24,4
DA:25,4
DA:27,4
DA:28,4
DA:29,4
DA:30,4
LF:12
LH:12
end_of_record
SF:lib/src/common_widgets/item_quantity_selector.dart
DA:6,2
DA:19,2
DA:20,4
DA:21,2
DA:22,4
DA:23,2
DA:24,4
DA:26,2
DA:28,2
DA:29,2
DA:30,2
DA:36,2
DA:39,2
DA:40,2
DA:41,4
DA:43,6
DA:44,5
DA:47,2
DA:49,2
DA:50,4
DA:51,4
DA:53,6
DA:56,2
DA:57,4
DA:59,8
DA:60,10
LF:26
LH:26
end_of_record
SF:lib/src/common_widgets/responsive_center.dart
DA:10,13
DA:20,5
DA:23,5
DA:27,5
DA:28,5
DA:29,5
DA:30,5
DA:31,5
DA:40,11
DA:49,3
DA:51,3
DA:52,3
DA:53,3
DA:54,3
DA:55,3
LF:15
LH:15
end_of_record
SF:lib/src/common_widgets/responsive_scrollable_card.dart
DA:9,3
DA:11,3
DA:13,3
DA:14,3
DA:16,3
DA:18,3
DA:19,3
DA:21,3
LF:8
LH:8
end_of_record
SF:lib/src/common_widgets/responsive_two_column_layout.dart
DA:7,2
DA:31,2
DA:33,4
DA:34,6
DA:35,2
DA:36,2
DA:37,2
DA:38,2
DA:39,6
DA:40,4
DA:41,6
DA:45,0
DA:46,0
DA:47,0
DA:48,0
DA:49,0
DA:50,0
DA:51,0
LF:18
LH:11
end_of_record
SF:lib/src/features/authentication/presentation/account/account_screen.dart
DA:14,15
DA:16,3
DA:18,3
DA:19,3
DA:20,6
DA:22,6
DA:23,3
DA:24,3
DA:25,3
DA:27,6
DA:28,3
DA:29,3
DA:30,3
DA:31,3
DA:33,3
DA:34,3
DA:36,3
DA:37,3
DA:38,3
DA:40,3
DA:42,9
DA:43,3
DA:59,9
DA:61,3
DA:63,9
DA:64,9
DA:65,3
DA:66,3
DA:67,3
DA:68,3
DA:69,3
DA:73,3
DA:74,3
DA:75,3
DA:80,3
DA:81,3
DA:82,3
DA:83,3
DA:86,3
DA:87,3
DA:88,3
DA:95,3
DA:96,3
DA:97,3
DA:98,3
DA:99,3
DA:104,3
DA:105,3
LF:48
LH:48
end_of_record
SF:lib/src/features/authentication/presentation/account/account_screen_controller.dart
DA:5,4
DA:6,4
DA:9,4
DA:10,4
DA:11,20
DA:15,9
DA:16,3
DA:17,6
DA:18,3
LF:9
LH:9
end_of_record
SF:lib/src/utils/async_value_ui.dart
DA:7,5
DA:8,10
DA:9,1
DA:11,1
DA:12,1
LF:5
LH:5
end_of_record
SF:lib/src/features/authentication/presentation/sign_in/email_password_sign_in_controller.dart
DA:7,4
DA:10,8
DA:13,4
DA:14,12
DA:15,12
DA:16,12
DA:17,8
DA:20,4
DA:21,8
DA:22,4
DA:23,8
DA:24,2
DA:25,4
DA:29,2
DA:30,6
DA:34,6
DA:35,3
DA:36,6
DA:37,6
DA:38,3
LF:20
LH:20
end_of_record
SF:lib/src/features/authentication/presentation/sign_in/email_password_sign_in_state.dart
DA:20,4
DA:28,9
DA:30,4
DA:34,4
DA:35,4
DA:36,2
DA:40,1
DA:42,3
DA:44,1
DA:48,1
DA:49,3
DA:50,3
DA:53,1
DA:54,5
DA:58,3
DA:59,6
DA:60,1
DA:62,3
DA:67,3
DA:68,6
DA:69,1
DA:71,3
DA:75,3
DA:76,6
DA:77,1
DA:79,3
DA:83,1
DA:84,2
DA:91,0
DA:92,0
DA:93,0
DA:95,0
DA:99,0
DA:100,0
DA:101,0
DA:103,0
DA:107,3
DA:108,6
DA:111,3
DA:112,6
DA:113,2
DA:115,6
DA:118,3
DA:119,3
DA:120,3
DA:121,1
DA:122,3
DA:126,3
DA:127,3
DA:128,3
DA:129,1
DA:130,3
LF:52
LH:44
end_of_record
SF:lib/src/features/authentication/presentation/sign_in/email_password_sign_in_screen.dart
DA:18,9
DA:25,2
DA:27,2
DA:28,6
DA:29,2
DA:30,2
DA:40,3
DA:49,3
DA:51,3
DA:61,9
DA:62,9
DA:70,3
DA:73,6
DA:74,6
DA:75,6
DA:76,3
DA:79,3
DA:80,9
DA:82,9
DA:83,6
DA:84,15
DA:85,9
DA:87,7
DA:92,0
DA:93,0
DA:94,0
DA:98,0
DA:99,0
DA:100,0
DA:103,0
DA:106,1
DA:108,1
DA:109,6
DA:110,1
DA:112,2
DA:115,3
DA:117,6
DA:118,12
DA:119,9
DA:120,6
DA:123,18
DA:124,3
DA:125,3
DA:126,3
DA:127,3
DA:128,3
DA:129,3
DA:131,3
DA:134,3
DA:136,3
DA:137,3
DA:138,3
DA:139,3
DA:140,3
DA:143,3
DA:144,6
DA:149,0
DA:150,3
DA:151,3
DA:152,3
DA:157,3
DA:159,3
DA:160,3
DA:161,3
DA:162,3
DA:165,6
DA:167,3
DA:172,0
DA:175,3
DA:176,3
DA:177,3
DA:178,9
DA:181,3
DA:182,3
DA:183,3
DA:185,3
LF:76
LH:67
end_of_record
SF:lib/src/features/authentication/presentation/sign_in/string_validators.dart
DA:10,4
DA:13,3
DA:17,6
DA:18,3
DA:19,6
DA:20,15
DA:27,0
DA:34,3
DA:37,3
DA:40,9
DA:41,9
DA:50,6
DA:54,8
DA:58,3
DA:60,3
DA:65,4
DA:68,1
DA:70,3
LF:18
LH:17
end_of_record
SF:lib/src/features/cart/data/local/fake_local_cart_repository.dart
DA:7,3
DA:12,3
DA:13,9
DA:15,3
DA:16,6
DA:18,2
DA:20,4
DA:21,4
LF:8
LH:8
end_of_record
SF:lib/src/features/cart/presentation/add_to_cart/add_to_cart_widget.dart
DA:17,2
DA:20,2
DA:22,2
DA:23,2
DA:24,4
DA:26,8
DA:27,4
DA:28,2
DA:30,2
DA:31,2
DA:34,2
DA:35,4
DA:36,2
DA:37,2
DA:40,2
DA:41,2
DA:43,2
DA:44,6
DA:45,2
DA:52,2
DA:53,2
DA:55,2
DA:56,2
DA:57,6
DA:58,6
DA:60,2
DA:61,2
DA:62,1
DA:64,9
DA:66,1
DA:67,1
DA:68,3
LF:32
LH:32
end_of_record
SF:lib/src/features/cart/presentation/cart_total/cart_total_text.dart
DA:8,9
DA:10,2
DA:12,4
DA:14,6
DA:15,2
DA:16,2
DA:17,6
LF:7
LH:7
end_of_record
SF:lib/src/utils/currency_formatter.dart
DA:4,12
DA:8,3
LF:2
LH:2
end_of_record
SF:lib/src/features/cart/presentation/cart_total/cart_total_with_cta.dart
DA:7,2
DA:10,2
DA:12,2
DA:14,2
DA:17,4
LF:5
LH:5
end_of_record
SF:lib/src/features/cart/presentation/shopping_cart/shopping_cart_item.dart
DA:19,2
DA:33,2
DA:35,10
DA:36,2
DA:38,4
DA:40,2
DA:41,2
DA:43,2
DA:45,2
DA:46,2
DA:47,2
DA:58,2
DA:71,3
DA:73,2
DA:76,10
DA:77,2
DA:81,6
DA:83,2
DA:85,2
DA:86,12
DA:88,8
DA:90,2
DA:92,2
DA:93,2
DA:94,2
DA:95,2
DA:98,0
DA:100,0
DA:101,0
DA:112,2
DA:123,6
DA:125,2
DA:127,4
DA:128,2
DA:130,2
DA:131,2
DA:132,4
DA:133,6
DA:134,2
DA:135,2
DA:137,1
DA:138,3
DA:139,3
DA:141,2
DA:142,4
DA:143,4
DA:144,2
DA:146,1
DA:147,3
DA:148,3
LF:50
LH:47
end_of_record
SF:lib/src/features/cart/presentation/shopping_cart/shopping_cart_items_builder.dart
DA:13,2
DA:23,2
DA:26,4
DA:27,1
DA:28,1
DA:34,6
DA:37,2
DA:38,2
DA:40,2
DA:41,2
DA:42,2
DA:45,2
DA:47,2
DA:48,4
DA:49,4
DA:51,4
DA:55,2
DA:58,2
DA:60,4
DA:69,0
DA:70,0
DA:71,0
DA:72,0
DA:74,0
DA:75,0
DA:76,0
DA:78,0
DA:81,0
DA:82,0
LF:29
LH:19
end_of_record
SF:lib/src/features/cart/presentation/shopping_cart/shopping_cart_screen.dart
DA:18,9
DA:20,2
DA:22,2
DA:23,2
DA:24,2
DA:26,4
DA:27,2
DA:28,2
DA:29,4
DA:31,2
DA:32,2
DA:33,4
DA:34,2
DA:36,4
DA:37,2
DA:38,4
DA:42,4
DA:43,2
DA:44,2
DA:45,0
LF:20
LH:19
end_of_record
SF:lib/src/features/checkout/presentation/checkout_screen/checkout_screen.dart
DA:20,9
DA:22,0
DA:23,0
DA:31,0
DA:33,0
DA:34,0
DA:37,0
DA:38,0
DA:40,0
DA:41,0
DA:47,0
DA:50,0
DA:51,0
DA:52,0
DA:56,0
DA:57,0
DA:58,0
DA:61,0
DA:62,0
DA:63,0
DA:65,0
LF:21
LH:1
end_of_record
SF:lib/src/features/checkout/presentation/payment/payment_page.dart
DA:10,9
DA:12,0
DA:31,0
DA:33,0
DA:38,0
LF:5
LH:1
end_of_record
SF:lib/src/features/checkout/presentation/payment/payment_button.dart
DA:8,9
DA:10,0
DA:12,0
DA:15,0
DA:19,0
DA:20,0
DA:22,0
LF:7
LH:1
end_of_record
SF:lib/src/features/orders/domain/order.dart
DA:8,0
DA:9,0
DA:10,0
DA:11,0
DA:12,0
DA:21,0
LF:6
LH:0
end_of_record
SF:lib/src/features/orders/domain/purchase.dart
DA:6,2
LF:1
LH:1
end_of_record
SF:lib/src/features/orders/presentation/orders_list/order_card.dart
DA:14,0
DA:17,0
DA:19,0
DA:21,0
DA:22,0
DA:25,0
DA:26,0
DA:27,0
DA:29,0
DA:40,0
DA:43,0
DA:46,0
DA:48,0
DA:49,0
DA:50,0
DA:52,0
DA:53,0
DA:54,0
DA:56,0
DA:57,0
DA:59,0
DA:60,0
DA:61,0
DA:62,0
DA:65,0
DA:68,0
DA:70,0
DA:71,0
DA:72,0
DA:74,0
DA:77,0
DA:90,0
DA:93,0
DA:95,0
DA:97,0
DA:98,0
DA:100,0
DA:102,0
DA:103,0
DA:104,0
LF:40
LH:0
end_of_record
SF:lib/src/features/orders/presentation/orders_list/order_item_list_tile.dart
DA:13,0
DA:16,0
DA:18,0
DA:19,0
DA:21,0
DA:23,0
DA:24,0
DA:25,0
DA:27,0
DA:30,0
DA:32,0
DA:34,0
DA:35,0
DA:37,0
DA:38,0
DA:39,0
LF:16
LH:0
end_of_record
SF:lib/src/features/orders/presentation/orders_list/order_status_label.dart
DA:7,0
DA:10,0
DA:12,0
DA:13,0
DA:14,0
DA:15,0
DA:16,0
DA:19,0
DA:20,0
DA:21,0
DA:24,0
DA:25,0
DA:26,0
DA:27,0
LF:14
LH:0
end_of_record
SF:lib/src/utils/date_formatter.dart
DA:4,8
DA:6,2
LF:2
LH:2
end_of_record
SF:lib/src/features/orders/presentation/orders_list/orders_list_screen.dart
DA:10,9
DA:12,0
DA:15,0
DA:16,0
DA:19,0
DA:25,0
DA:29,0
DA:30,0
DA:31,0
DA:33,0
DA:34,0
DA:35,0
DA:36,0
DA:37,0
DA:41,0
DA:42,0
DA:43,0
DA:44,0
DA:45,0
DA:47,0
DA:48,0
DA:51,0
LF:22
LH:1
end_of_record
SF:lib/src/features/products/presentation/home_app_bar/home_app_bar.dart
DA:19,18
DA:21,3
DA:23,9
DA:31,9
DA:32,3
DA:33,0
DA:34,0
DA:35,0
DA:37,0
DA:41,3
DA:42,6
DA:43,3
DA:45,2
DA:46,2
DA:48,2
DA:49,0
DA:51,2
DA:53,2
DA:54,6
DA:57,3
DA:59,3
DA:60,6
DA:67,3
LF:23
LH:18
end_of_record
SF:lib/src/features/products/presentation/home_app_bar/more_menu_button.dart
DA:14,0
DA:22,0
DA:24,0
DA:27,0
DA:29,0
DA:30,0
DA:31,0
DA:34,0
DA:36,0
DA:39,0
DA:42,0
DA:43,0
DA:46,0
DA:50,0
DA:53,0
DA:54,0
DA:56,0
DA:57,0
DA:59,0
DA:60,0
LF:20
LH:0
end_of_record
SF:lib/src/features/products/presentation/home_app_bar/shopping_cart_icon.dart
DA:10,9
DA:15,3
DA:17,6
DA:18,3
DA:19,3
DA:20,3
DA:21,3
DA:24,6
DA:27,3
DA:28,2
DA:31,2
DA:40,2
DA:43,2
DA:45,2
DA:48,2
DA:53,2
DA:54,4
DA:60,2
DA:61,2
DA:62,2
DA:63,2
LF:21
LH:21
end_of_record
SF:lib/src/features/products/presentation/product_screen/leave_review_action.dart
DA:15,2
DA:18,2
DA:21,4
DA:24,8
DA:25,2
DA:26,2
DA:29,2
DA:37,6
DA:38,2
DA:39,2
DA:40,2
DA:41,2
DA:42,2
DA:43,4
DA:44,0
DA:45,0
DA:46,0
LF:17
LH:14
end_of_record
SF:lib/src/features/products/presentation/product_screen/product_average_rating.dart
DA:7,3
DA:10,3
DA:12,3
DA:13,3
DA:19,3
DA:20,9
DA:21,9
DA:24,3
DA:25,3
DA:26,9
DA:28,9
DA:29,9
LF:12
LH:12
end_of_record
SF:lib/src/features/products/presentation/product_screen/product_screen.dart
DA:21,2
DA:24,2
DA:26,2
DA:28,2
DA:29,2
DA:30,8
DA:31,2
DA:33,2
DA:34,0
DA:35,0
DA:37,2
DA:38,2
DA:39,2
DA:41,2
DA:43,4
DA:57,2
DA:60,2
DA:63,10
DA:64,2
DA:65,2
DA:66,2
DA:68,6
DA:72,2
DA:73,2
DA:75,2
DA:77,2
DA:78,6
DA:79,6
DA:81,6
DA:83,8
DA:85,4
DA:87,2
DA:88,2
DA:89,2
DA:90,2
DA:91,6
DA:92,2
DA:93,6
DA:94,2
DA:95,2
DA:96,4
LF:41
LH:39
end_of_record
SF:lib/src/features/reviews/presentation/product_reviews/product_reviews_list.dart
DA:10,2
DA:12,2
DA:15,2
DA:16,2
DA:17,2
DA:21,2
DA:22,2
DA:27,2
DA:28,2
DA:29,4
DA:33,4
DA:35,2
LF:12
LH:12
end_of_record
SF:lib/src/features/products/presentation/products_list/product_card.dart
DA:12,3
DA:19,3
DA:22,15
DA:23,3
DA:24,3
DA:26,3
DA:27,3
DA:29,3
DA:31,3
DA:32,9
DA:36,18
DA:37,12
DA:39,6
DA:41,3
DA:42,3
DA:43,9
DA:44,3
DA:45,3
DA:46,9
DA:47,0
DA:48,12
DA:49,9
LF:22
LH:21
end_of_record
SF:lib/src/features/products/presentation/products_list/products_grid.dart
DA:17,9
DA:19,3
DA:21,6
DA:22,3
DA:24,6
DA:25,0
DA:26,0
DA:27,0
DA:28,0
DA:31,3
DA:32,3
DA:33,3
DA:34,3
DA:35,3
DA:37,4
DA:38,2
DA:39,4
DA:51,3
DA:63,3
DA:66,6
DA:67,3
DA:70,4
DA:73,9
DA:74,9
DA:76,6
DA:78,3
DA:83,3
DA:85,18
LF:28
LH:24
end_of_record
SF:lib/src/features/products/presentation/products_list/products_list_screen.dart
DA:10,9
DA:12,3
DA:13,3
DA:23,3
DA:25,3
DA:26,9
DA:29,3
DA:31,9
DA:32,3
DA:37,0
DA:38,0
DA:39,0
DA:43,3
DA:45,3
DA:47,3
DA:48,3
LF:16
LH:13
end_of_record
SF:lib/src/features/products/presentation/products_list/products_search_text_field.dart
DA:6,9
DA:8,3
DA:10,3
DA:16,3
DA:19,6
DA:20,3
DA:23,3
DA:28,3
DA:29,3
DA:30,3
DA:31,3
DA:32,3
DA:34,9
DA:35,3
DA:36,3
DA:38,6
DA:39,0
DA:40,0
DA:41,0
LF:19
LH:16
end_of_record
SF:lib/src/features/reviews/domain/review.dart
DA:3,2
LF:1
LH:1
end_of_record
SF:lib/src/features/reviews/presentation/leave_review_screen/leave_review_screen.dart
DA:12,0
DA:15,0
DA:19,0
DA:20,0
DA:21,0
DA:23,0
DA:26,0
DA:33,0
DA:40,0
DA:41,0
DA:49,0
DA:51,0
DA:52,0
DA:54,0
DA:55,0
DA:59,0
DA:62,0
DA:63,0
DA:66,0
DA:67,0
DA:78,0
DA:80,0
DA:82,0
DA:83,0
DA:84,0
DA:85,0
DA:90,0
DA:91,0
DA:92,0
DA:93,0
DA:96,0
DA:97,0
DA:99,0
DA:102,0
DA:103,0
DA:107,0
DA:108,0
DA:109,0
DA:112,0
LF:39
LH:0
end_of_record
SF:lib/src/features/reviews/presentation/product_reviews/product_rating_bar.dart
DA:6,2
DA:27,6
DA:29,2
DA:31,2
DA:32,2
DA:33,2
DA:36,2
DA:37,4
DA:40,2
DA:43,2
LF:10
LH:10
end_of_record
SF:lib/src/features/reviews/presentation/product_reviews/product_review_card.dart
DA:11,2
DA:13,2
DA:15,10
DA:16,2
DA:17,2
DA:19,2
DA:21,2
DA:22,2
DA:24,2
DA:25,2
DA:26,4
DA:30,0
DA:31,0
DA:34,8
DA:37,8
DA:39,2
DA:40,4
DA:41,6
LF:18
LH:16
end_of_record
SF:lib/src/routing/go_router_refresh_stream.dart
DA:7,3
DA:8,3
DA:9,9
DA:10,6
DA:16,0
DA:18,0
DA:19,0
LF:7
LH:4
end_of_record
SF:lib/src/routing/not_found_screen.dart
DA:7,9
DA:9,0
DA:11,0
DA:12,0
DA:13,0
DA:14,0
LF:6
LH:1
end_of_record
